{"C:\\Users\\sharm\\Desktop\\WorkSpace\\CoderHunNaMe\\React\\namaste-React\\src\\components\\ContactUs.js": {"path":"C:\\Users\\sharm\\Desktop\\WorkSpace\\CoderHunNaMe\\React\\namaste-React\\src\\components\\ContactUs.js","statementMap":{"0":{"start":{"line":3,"column":18},"end":{"line":163,"column":1}},"1":{"start":{"line":4,"column":33},"end":{"line":9,"column":3}},"2":{"start":{"line":11,"column":37},"end":{"line":16,"column":3}},"3":{"start":{"line":18,"column":22},"end":{"line":21,"column":2}},"4":{"start":{"line":19,"column":26},"end":{"line":19,"column":34}},"5":{"start":{"line":20,"column":2},"end":{"line":20,"column":46}},"6":{"start":{"line":23,"column":22},"end":{"line":63,"column":2}},"7":{"start":{"line":24,"column":2},"end":{"line":24,"column":21}},"8":{"start":{"line":26,"column":15},"end":{"line":26,"column":17}},"9":{"start":{"line":27,"column":2},"end":{"line":29,"column":3}},"10":{"start":{"line":28,"column":3},"end":{"line":28,"column":36}},"11":{"start":{"line":30,"column":2},"end":{"line":34,"column":3}},"12":{"start":{"line":31,"column":3},"end":{"line":31,"column":38}},"13":{"start":{"line":32,"column":9},"end":{"line":34,"column":3}},"14":{"start":{"line":33,"column":3},"end":{"line":33,"column":37}},"15":{"start":{"line":35,"column":2},"end":{"line":39,"column":3}},"16":{"start":{"line":36,"column":3},"end":{"line":36,"column":45}},"17":{"start":{"line":37,"column":9},"end":{"line":39,"column":3}},"18":{"start":{"line":38,"column":3},"end":{"line":38,"column":44}},"19":{"start":{"line":40,"column":2},"end":{"line":42,"column":3}},"20":{"start":{"line":41,"column":3},"end":{"line":41,"column":42}},"21":{"start":{"line":44,"column":2},"end":{"line":62,"column":3}},"22":{"start":{"line":45,"column":3},"end":{"line":45,"column":25}},"23":{"start":{"line":48,"column":3},"end":{"line":48,"column":44}},"24":{"start":{"line":50,"column":3},"end":{"line":55,"column":6}},"25":{"start":{"line":56,"column":3},"end":{"line":61,"column":6}},"26":{"start":{"line":65,"column":1},"end":{"line":162,"column":3}}},"fnMap":{"0":{"name":"(anonymous_0)","decl":{"start":{"line":3,"column":18},"end":{"line":3,"column":19}},"loc":{"start":{"line":3,"column":24},"end":{"line":163,"column":1}},"line":3},"1":{"name":"(anonymous_1)","decl":{"start":{"line":18,"column":22},"end":{"line":18,"column":23}},"loc":{"start":{"line":18,"column":29},"end":{"line":21,"column":2}},"line":18},"2":{"name":"(anonymous_2)","decl":{"start":{"line":23,"column":22},"end":{"line":23,"column":23}},"loc":{"start":{"line":23,"column":29},"end":{"line":63,"column":2}},"line":23}},"branchMap":{"0":{"loc":{"start":{"line":27,"column":2},"end":{"line":29,"column":3}},"type":"if","locations":[{"start":{"line":27,"column":2},"end":{"line":29,"column":3}},{"start":{},"end":{}}],"line":27},"1":{"loc":{"start":{"line":30,"column":2},"end":{"line":34,"column":3}},"type":"if","locations":[{"start":{"line":30,"column":2},"end":{"line":34,"column":3}},{"start":{"line":32,"column":9},"end":{"line":34,"column":3}}],"line":30},"2":{"loc":{"start":{"line":32,"column":9},"end":{"line":34,"column":3}},"type":"if","locations":[{"start":{"line":32,"column":9},"end":{"line":34,"column":3}},{"start":{},"end":{}}],"line":32},"3":{"loc":{"start":{"line":35,"column":2},"end":{"line":39,"column":3}},"type":"if","locations":[{"start":{"line":35,"column":2},"end":{"line":39,"column":3}},{"start":{"line":37,"column":9},"end":{"line":39,"column":3}}],"line":35},"4":{"loc":{"start":{"line":37,"column":9},"end":{"line":39,"column":3}},"type":"if","locations":[{"start":{"line":37,"column":9},"end":{"line":39,"column":3}},{"start":{},"end":{}}],"line":37},"5":{"loc":{"start":{"line":40,"column":2},"end":{"line":42,"column":3}},"type":"if","locations":[{"start":{"line":40,"column":2},"end":{"line":42,"column":3}},{"start":{},"end":{}}],"line":40},"6":{"loc":{"start":{"line":44,"column":2},"end":{"line":62,"column":3}},"type":"if","locations":[{"start":{"line":44,"column":2},"end":{"line":62,"column":3}},{"start":{"line":46,"column":9},"end":{"line":62,"column":3}}],"line":44},"7":{"loc":{"start":{"line":84,"column":7},"end":{"line":84,"column":61}},"type":"cond-expr","locations":[{"start":{"line":84,"column":25},"end":{"line":84,"column":41}},{"start":{"line":84,"column":44},"end":{"line":84,"column":61}}],"line":84},"8":{"loc":{"start":{"line":87,"column":6},"end":{"line":89,"column":6}},"type":"binary-expr","locations":[{"start":{"line":87,"column":6},"end":{"line":87,"column":21}},{"start":{"line":88,"column":6},"end":{"line":88,"column":68}}],"line":87},"9":{"loc":{"start":{"line":105,"column":7},"end":{"line":105,"column":62}},"type":"cond-expr","locations":[{"start":{"line":105,"column":26},"end":{"line":105,"column":42}},{"start":{"line":105,"column":45},"end":{"line":105,"column":62}}],"line":105},"10":{"loc":{"start":{"line":108,"column":6},"end":{"line":110,"column":6}},"type":"binary-expr","locations":[{"start":{"line":108,"column":6},"end":{"line":108,"column":22}},{"start":{"line":109,"column":6},"end":{"line":109,"column":69}}],"line":108},"11":{"loc":{"start":{"line":126,"column":7},"end":{"line":126,"column":62}},"type":"cond-expr","locations":[{"start":{"line":126,"column":26},"end":{"line":126,"column":42}},{"start":{"line":126,"column":45},"end":{"line":126,"column":62}}],"line":126},"12":{"loc":{"start":{"line":129,"column":6},"end":{"line":131,"column":6}},"type":"binary-expr","locations":[{"start":{"line":129,"column":6},"end":{"line":129,"column":22}},{"start":{"line":130,"column":6},"end":{"line":130,"column":69}}],"line":129},"13":{"loc":{"start":{"line":147,"column":7},"end":{"line":147,"column":64}},"type":"cond-expr","locations":[{"start":{"line":147,"column":28},"end":{"line":147,"column":44}},{"start":{"line":147,"column":47},"end":{"line":147,"column":64}}],"line":147},"14":{"loc":{"start":{"line":150,"column":6},"end":{"line":152,"column":6}},"type":"binary-expr","locations":[{"start":{"line":150,"column":6},"end":{"line":150,"column":24}},{"start":{"line":151,"column":6},"end":{"line":151,"column":71}}],"line":150}},"s":{"0":1,"1":4,"2":4,"3":4,"4":0,"5":0,"6":4,"7":0,"8":0,"9":0,"10":0,"11":0,"12":0,"13":0,"14":0,"15":0,"16":0,"17":0,"18":0,"19":0,"20":0,"21":0,"22":0,"23":0,"24":0,"25":0,"26":4},"f":{"0":4,"1":0,"2":0},"b":{"0":[0,0],"1":[0,0],"2":[0,0],"3":[0,0],"4":[0,0],"5":[0,0],"6":[0,0],"7":[0,4],"8":[4,0],"9":[0,4],"10":[4,0],"11":[0,4],"12":[4,0],"13":[0,4],"14":[4,0]},"_coverageSchema":"1a1c01bbd47fc00a2c39e90264f33305004495a9","hash":"a255942d42515a21249f502c583755353d36a832"}
,"C:\\Users\\sharm\\Desktop\\WorkSpace\\CoderHunNaMe\\React\\namaste-React\\src\\components\\Header.js": {"path":"C:\\Users\\sharm\\Desktop\\WorkSpace\\CoderHunNaMe\\React\\namaste-React\\src\\components\\Header.js","statementMap":{"0":{"start":{"line":9,"column":15},"end":{"line":51,"column":1}},"1":{"start":{"line":10,"column":18},"end":{"line":12,"column":3}},"2":{"start":{"line":11,"column":2},"end":{"line":11,"column":26}},"3":{"start":{"line":14,"column":22},"end":{"line":14,"column":39}},"4":{"start":{"line":15,"column":24},"end":{"line":15,"column":47}},"5":{"start":{"line":16,"column":1},"end":{"line":50,"column":3}}},"fnMap":{"0":{"name":"(anonymous_0)","decl":{"start":{"line":9,"column":15},"end":{"line":9,"column":16}},"loc":{"start":{"line":9,"column":21},"end":{"line":51,"column":1}},"line":9},"1":{"name":"(anonymous_1)","decl":{"start":{"line":10,"column":30},"end":{"line":10,"column":31}},"loc":{"start":{"line":10,"column":41},"end":{"line":12,"column":2}},"line":10}},"branchMap":{"0":{"loc":{"start":{"line":25,"column":39},"end":{"line":25,"column":65}},"type":"cond-expr","locations":[{"start":{"line":25,"column":54},"end":{"line":25,"column":58}},{"start":{"line":25,"column":61},"end":{"line":25,"column":65}}],"line":25}},"s":{"0":1,"1":3,"2":6,"3":3,"4":3,"5":3},"f":{"0":3,"1":6},"b":{"0":[3,0]},"_coverageSchema":"1a1c01bbd47fc00a2c39e90264f33305004495a9","hash":"75fefe3901ef9d27000aa7a96cd19348f0bd4189"}
,"C:\\Users\\sharm\\Desktop\\WorkSpace\\CoderHunNaMe\\React\\namaste-React\\src\\components\\RestaurantCard.js": {"path":"C:\\Users\\sharm\\Desktop\\WorkSpace\\CoderHunNaMe\\React\\namaste-React\\src\\components\\RestaurantCard.js","statementMap":{"0":{"start":{"line":4,"column":23},"end":{"line":29,"column":1}},"1":{"start":{"line":5,"column":24},"end":{"line":5,"column":47}},"2":{"start":{"line":6,"column":21},"end":{"line":6,"column":26}},"3":{"start":{"line":7,"column":1},"end":{"line":7,"column":22}},"4":{"start":{"line":14,"column":5},"end":{"line":14,"column":18}},"5":{"start":{"line":15,"column":1},"end":{"line":28,"column":3}},"6":{"start":{"line":31,"column":22},"end":{"line":42,"column":1}},"7":{"start":{"line":32,"column":1},"end":{"line":41,"column":3}},"8":{"start":{"line":33,"column":2},"end":{"line":40,"column":4}}},"fnMap":{"0":{"name":"(anonymous_0)","decl":{"start":{"line":4,"column":23},"end":{"line":4,"column":24}},"loc":{"start":{"line":4,"column":34},"end":{"line":29,"column":1}},"line":4},"1":{"name":"(anonymous_1)","decl":{"start":{"line":31,"column":22},"end":{"line":31,"column":23}},"loc":{"start":{"line":31,"column":42},"end":{"line":42,"column":1}},"line":31},"2":{"name":"(anonymous_2)","decl":{"start":{"line":32,"column":8},"end":{"line":32,"column":9}},"loc":{"start":{"line":32,"column":19},"end":{"line":41,"column":2}},"line":32}},"branchMap":{},"s":{"0":1,"1":1,"2":1,"3":1,"4":1,"5":1,"6":1,"7":0,"8":0},"f":{"0":1,"1":0,"2":0},"b":{},"_coverageSchema":"1a1c01bbd47fc00a2c39e90264f33305004495a9","hash":"ceb3844ea17837cd29a89e87a0a84ebe38e98e7b"}
,"C:\\Users\\sharm\\Desktop\\WorkSpace\\CoderHunNaMe\\React\\namaste-React\\src\\components\\sum.js": {"path":"C:\\Users\\sharm\\Desktop\\WorkSpace\\CoderHunNaMe\\React\\namaste-React\\src\\components\\sum.js","statementMap":{"0":{"start":{"line":1,"column":19},"end":{"line":3,"column":1}},"1":{"start":{"line":2,"column":1},"end":{"line":2,"column":14}}},"fnMap":{"0":{"name":"(anonymous_0)","decl":{"start":{"line":1,"column":19},"end":{"line":1,"column":20}},"loc":{"start":{"line":1,"column":29},"end":{"line":3,"column":1}},"line":1}},"branchMap":{},"s":{"0":1,"1":1},"f":{"0":1},"b":{},"_coverageSchema":"1a1c01bbd47fc00a2c39e90264f33305004495a9","hash":"fa1ed5c1749efa41d05a1181ea880b3f5deed95c"}
,"C:\\Users\\sharm\\Desktop\\WorkSpace\\CoderHunNaMe\\React\\namaste-React\\src\\redux\\appStore.js": {"path":"C:\\Users\\sharm\\Desktop\\WorkSpace\\CoderHunNaMe\\React\\namaste-React\\src\\redux\\appStore.js","statementMap":{"0":{"start":{"line":3,"column":17},"end":{"line":7,"column":2}}},"fnMap":{},"branchMap":{},"s":{"0":1},"f":{},"b":{},"_coverageSchema":"1a1c01bbd47fc00a2c39e90264f33305004495a9","hash":"c7c28c54b57b88e96a1cc3e8f78604bd852e0054"}
,"C:\\Users\\sharm\\Desktop\\WorkSpace\\CoderHunNaMe\\React\\namaste-React\\src\\redux\\cartSlice.js": {"path":"C:\\Users\\sharm\\Desktop\\WorkSpace\\CoderHunNaMe\\React\\namaste-React\\src\\redux\\cartSlice.js","statementMap":{"0":{"start":{"line":3,"column":18},"end":{"line":25,"column":2}},"1":{"start":{"line":8,"column":3},"end":{"line":8,"column":36}},"2":{"start":{"line":11,"column":20},"end":{"line":11,"column":52}},"3":{"start":{"line":12,"column":17},"end":{"line":14,"column":4}},"4":{"start":{"line":13,"column":14},"end":{"line":13,"column":48}},"5":{"start":{"line":15,"column":3},"end":{"line":17,"column":4}},"6":{"start":{"line":16,"column":4},"end":{"line":16,"column":33}},"7":{"start":{"line":22,"column":3},"end":{"line":22,"column":24}},"8":{"start":{"line":27,"column":58},"end":{"line":27,"column":75}}},"fnMap":{"0":{"name":"(anonymous_0)","decl":{"start":{"line":7,"column":12},"end":{"line":7,"column":13}},"loc":{"start":{"line":7,"column":31},"end":{"line":9,"column":3}},"line":7},"1":{"name":"(anonymous_1)","decl":{"start":{"line":10,"column":21},"end":{"line":10,"column":22}},"loc":{"start":{"line":10,"column":40},"end":{"line":18,"column":3}},"line":10},"2":{"name":"(anonymous_2)","decl":{"start":{"line":13,"column":4},"end":{"line":13,"column":5}},"loc":{"start":{"line":13,"column":14},"end":{"line":13,"column":48}},"line":13},"3":{"name":"(anonymous_3)","decl":{"start":{"line":20,"column":13},"end":{"line":20,"column":14}},"loc":{"start":{"line":20,"column":32},"end":{"line":23,"column":3}},"line":20}},"branchMap":{"0":{"loc":{"start":{"line":15,"column":3},"end":{"line":17,"column":4}},"type":"if","locations":[{"start":{"line":15,"column":3},"end":{"line":17,"column":4}},{"start":{},"end":{}}],"line":15}},"s":{"0":1,"1":0,"2":0,"3":0,"4":0,"5":0,"6":0,"7":0,"8":1},"f":{"0":0,"1":0,"2":0,"3":0},"b":{"0":[0,0]},"_coverageSchema":"1a1c01bbd47fc00a2c39e90264f33305004495a9","hash":"3216e78cdd51bda3629e4a564f7be226b86525be"}
,"C:\\Users\\sharm\\Desktop\\WorkSpace\\CoderHunNaMe\\React\\namaste-React\\src\\utils\\UserContext.js": {"path":"C:\\Users\\sharm\\Desktop\\WorkSpace\\CoderHunNaMe\\React\\namaste-React\\src\\utils\\UserContext.js","statementMap":{"0":{"start":{"line":3,"column":27},"end":{"line":5,"column":2}}},"fnMap":{},"branchMap":{},"s":{"0":2},"f":{},"b":{},"_coverageSchema":"1a1c01bbd47fc00a2c39e90264f33305004495a9","hash":"9e662d7b4ee80676e211068f0573882e3e210e7d"}
,"C:\\Users\\sharm\\Desktop\\WorkSpace\\CoderHunNaMe\\React\\namaste-React\\src\\utils\\constants.js": {"path":"C:\\Users\\sharm\\Desktop\\WorkSpace\\CoderHunNaMe\\React\\namaste-React\\src\\utils\\constants.js","statementMap":{"0":{"start":{"line":2,"column":1},"end":{"line":2,"column":84}},"1":{"start":{"line":5,"column":1},"end":{"line":5,"column":102}},"2":{"start":{"line":7,"column":1},"end":{"line":7,"column":124}},"3":{"start":{"line":9,"column":1},"end":{"line":9,"column":139}},"4":{"start":{"line":12,"column":1},"end":{"line":12,"column":84}},"5":{"start":{"line":14,"column":1},"end":{"line":14,"column":92}}},"fnMap":{},"branchMap":{},"s":{"0":2,"1":2,"2":2,"3":2,"4":2,"5":2},"f":{},"b":{},"_coverageSchema":"1a1c01bbd47fc00a2c39e90264f33305004495a9","hash":"ef0301338dcd57f331d2db8270c29fab9f0c6033"}
,"C:\\Users\\sharm\\Desktop\\WorkSpace\\CoderHunNaMe\\React\\namaste-React\\src\\utils\\fontAwesomeConfig.js": {"path":"C:\\Users\\sharm\\Desktop\\WorkSpace\\CoderHunNaMe\\React\\namaste-React\\src\\utils\\fontAwesomeConfig.js","statementMap":{"0":{"start":{"line":8,"column":0},"end":{"line":8,"column":54}}},"fnMap":{},"branchMap":{},"s":{"0":1},"f":{},"b":{},"_coverageSchema":"1a1c01bbd47fc00a2c39e90264f33305004495a9","hash":"78328cc20bfe21d0e6227788c3cf5b11de07a6c2"}
,"C:\\Users\\sharm\\Desktop\\WorkSpace\\CoderHunNaMe\\React\\namaste-React\\src\\utils\\useOnlineStatus.js": {"path":"C:\\Users\\sharm\\Desktop\\WorkSpace\\CoderHunNaMe\\React\\namaste-React\\src\\utils\\useOnlineStatus.js","statementMap":{"0":{"start":{"line":3,"column":24},"end":{"line":14,"column":1}},"1":{"start":{"line":4,"column":41},"end":{"line":4,"column":55}},"2":{"start":{"line":5,"column":1},"end":{"line":12,"column":4}},"3":{"start":{"line":6,"column":2},"end":{"line":8,"column":5}},"4":{"start":{"line":7,"column":3},"end":{"line":7,"column":26}},"5":{"start":{"line":9,"column":2},"end":{"line":11,"column":5}},"6":{"start":{"line":10,"column":3},"end":{"line":10,"column":25}},"7":{"start":{"line":13,"column":1},"end":{"line":13,"column":21}}},"fnMap":{"0":{"name":"(anonymous_0)","decl":{"start":{"line":3,"column":24},"end":{"line":3,"column":25}},"loc":{"start":{"line":3,"column":30},"end":{"line":14,"column":1}},"line":3},"1":{"name":"(anonymous_1)","decl":{"start":{"line":5,"column":11},"end":{"line":5,"column":12}},"loc":{"start":{"line":5,"column":17},"end":{"line":12,"column":2}},"line":5},"2":{"name":"(anonymous_2)","decl":{"start":{"line":6,"column":37},"end":{"line":6,"column":38}},"loc":{"start":{"line":6,"column":43},"end":{"line":8,"column":3}},"line":6},"3":{"name":"(anonymous_3)","decl":{"start":{"line":9,"column":36},"end":{"line":9,"column":37}},"loc":{"start":{"line":9,"column":42},"end":{"line":11,"column":3}},"line":9}},"branchMap":{},"s":{"0":1,"1":3,"2":3,"3":3,"4":0,"5":3,"6":0,"7":3},"f":{"0":3,"1":3,"2":0,"3":0},"b":{},"_coverageSchema":"1a1c01bbd47fc00a2c39e90264f33305004495a9","hash":"12acae71f832403eef828b80a4e71a3e0c80f5da"}
}
