{"C:\\Users\\sharm\\Desktop\\WorkSpace\\CoderHunNaMe\\React\\namaste-React\\src\\components\\ContactUs.js": {"path":"C:\\Users\\sharm\\Desktop\\WorkSpace\\CoderHunNaMe\\React\\namaste-React\\src\\components\\ContactUs.js","statementMap":{"0":{"start":{"line":3,"column":18},"end":{"line":162,"column":1}},"1":{"start":{"line":4,"column":33},"end":{"line":9,"column":3}},"2":{"start":{"line":11,"column":37},"end":{"line":16,"column":3}},"3":{"start":{"line":18,"column":22},"end":{"line":21,"column":2}},"4":{"start":{"line":19,"column":26},"end":{"line":19,"column":34}},"5":{"start":{"line":20,"column":2},"end":{"line":20,"column":46}},"6":{"start":{"line":23,"column":22},"end":{"line":63,"column":2}},"7":{"start":{"line":24,"column":2},"end":{"line":24,"column":21}},"8":{"start":{"line":26,"column":15},"end":{"line":26,"column":17}},"9":{"start":{"line":27,"column":2},"end":{"line":29,"column":3}},"10":{"start":{"line":28,"column":3},"end":{"line":28,"column":36}},"11":{"start":{"line":30,"column":2},"end":{"line":34,"column":3}},"12":{"start":{"line":31,"column":3},"end":{"line":31,"column":38}},"13":{"start":{"line":32,"column":9},"end":{"line":34,"column":3}},"14":{"start":{"line":33,"column":3},"end":{"line":33,"column":37}},"15":{"start":{"line":35,"column":2},"end":{"line":39,"column":3}},"16":{"start":{"line":36,"column":3},"end":{"line":36,"column":45}},"17":{"start":{"line":37,"column":9},"end":{"line":39,"column":3}},"18":{"start":{"line":38,"column":3},"end":{"line":38,"column":44}},"19":{"start":{"line":40,"column":2},"end":{"line":42,"column":3}},"20":{"start":{"line":41,"column":3},"end":{"line":41,"column":42}},"21":{"start":{"line":44,"column":2},"end":{"line":62,"column":3}},"22":{"start":{"line":45,"column":3},"end":{"line":45,"column":25}},"23":{"start":{"line":48,"column":3},"end":{"line":48,"column":44}},"24":{"start":{"line":50,"column":3},"end":{"line":55,"column":6}},"25":{"start":{"line":56,"column":3},"end":{"line":61,"column":6}},"26":{"start":{"line":65,"column":1},"end":{"line":161,"column":3}}},"fnMap":{"0":{"name":"(anonymous_0)","decl":{"start":{"line":3,"column":18},"end":{"line":3,"column":19}},"loc":{"start":{"line":3,"column":24},"end":{"line":162,"column":1}},"line":3},"1":{"name":"(anonymous_1)","decl":{"start":{"line":18,"column":22},"end":{"line":18,"column":23}},"loc":{"start":{"line":18,"column":29},"end":{"line":21,"column":2}},"line":18},"2":{"name":"(anonymous_2)","decl":{"start":{"line":23,"column":22},"end":{"line":23,"column":23}},"loc":{"start":{"line":23,"column":29},"end":{"line":63,"column":2}},"line":23}},"branchMap":{"0":{"loc":{"start":{"line":27,"column":2},"end":{"line":29,"column":3}},"type":"if","locations":[{"start":{"line":27,"column":2},"end":{"line":29,"column":3}},{"start":{},"end":{}}],"line":27},"1":{"loc":{"start":{"line":30,"column":2},"end":{"line":34,"column":3}},"type":"if","locations":[{"start":{"line":30,"column":2},"end":{"line":34,"column":3}},{"start":{"line":32,"column":9},"end":{"line":34,"column":3}}],"line":30},"2":{"loc":{"start":{"line":32,"column":9},"end":{"line":34,"column":3}},"type":"if","locations":[{"start":{"line":32,"column":9},"end":{"line":34,"column":3}},{"start":{},"end":{}}],"line":32},"3":{"loc":{"start":{"line":35,"column":2},"end":{"line":39,"column":3}},"type":"if","locations":[{"start":{"line":35,"column":2},"end":{"line":39,"column":3}},{"start":{"line":37,"column":9},"end":{"line":39,"column":3}}],"line":35},"4":{"loc":{"start":{"line":37,"column":9},"end":{"line":39,"column":3}},"type":"if","locations":[{"start":{"line":37,"column":9},"end":{"line":39,"column":3}},{"start":{},"end":{}}],"line":37},"5":{"loc":{"start":{"line":40,"column":2},"end":{"line":42,"column":3}},"type":"if","locations":[{"start":{"line":40,"column":2},"end":{"line":42,"column":3}},{"start":{},"end":{}}],"line":40},"6":{"loc":{"start":{"line":44,"column":2},"end":{"line":62,"column":3}},"type":"if","locations":[{"start":{"line":44,"column":2},"end":{"line":62,"column":3}},{"start":{"line":46,"column":9},"end":{"line":62,"column":3}}],"line":44},"7":{"loc":{"start":{"line":83,"column":7},"end":{"line":83,"column":61}},"type":"cond-expr","locations":[{"start":{"line":83,"column":25},"end":{"line":83,"column":41}},{"start":{"line":83,"column":44},"end":{"line":83,"column":61}}],"line":83},"8":{"loc":{"start":{"line":86,"column":6},"end":{"line":88,"column":6}},"type":"binary-expr","locations":[{"start":{"line":86,"column":6},"end":{"line":86,"column":21}},{"start":{"line":87,"column":6},"end":{"line":87,"column":68}}],"line":86},"9":{"loc":{"start":{"line":104,"column":7},"end":{"line":104,"column":62}},"type":"cond-expr","locations":[{"start":{"line":104,"column":26},"end":{"line":104,"column":42}},{"start":{"line":104,"column":45},"end":{"line":104,"column":62}}],"line":104},"10":{"loc":{"start":{"line":107,"column":6},"end":{"line":109,"column":6}},"type":"binary-expr","locations":[{"start":{"line":107,"column":6},"end":{"line":107,"column":22}},{"start":{"line":108,"column":6},"end":{"line":108,"column":69}}],"line":107},"11":{"loc":{"start":{"line":125,"column":7},"end":{"line":125,"column":62}},"type":"cond-expr","locations":[{"start":{"line":125,"column":26},"end":{"line":125,"column":42}},{"start":{"line":125,"column":45},"end":{"line":125,"column":62}}],"line":125},"12":{"loc":{"start":{"line":128,"column":6},"end":{"line":130,"column":6}},"type":"binary-expr","locations":[{"start":{"line":128,"column":6},"end":{"line":128,"column":22}},{"start":{"line":129,"column":6},"end":{"line":129,"column":69}}],"line":128},"13":{"loc":{"start":{"line":146,"column":7},"end":{"line":146,"column":64}},"type":"cond-expr","locations":[{"start":{"line":146,"column":28},"end":{"line":146,"column":44}},{"start":{"line":146,"column":47},"end":{"line":146,"column":64}}],"line":146},"14":{"loc":{"start":{"line":149,"column":6},"end":{"line":151,"column":6}},"type":"binary-expr","locations":[{"start":{"line":149,"column":6},"end":{"line":149,"column":24}},{"start":{"line":150,"column":6},"end":{"line":150,"column":71}}],"line":149}},"s":{"0":1,"1":1,"2":1,"3":1,"4":0,"5":0,"6":1,"7":0,"8":0,"9":0,"10":0,"11":0,"12":0,"13":0,"14":0,"15":0,"16":0,"17":0,"18":0,"19":0,"20":0,"21":0,"22":0,"23":0,"24":0,"25":0,"26":1},"f":{"0":1,"1":0,"2":0},"b":{"0":[0,0],"1":[0,0],"2":[0,0],"3":[0,0],"4":[0,0],"5":[0,0],"6":[0,0],"7":[0,1],"8":[1,0],"9":[0,1],"10":[1,0],"11":[0,1],"12":[1,0],"13":[0,1],"14":[1,0]},"_coverageSchema":"1a1c01bbd47fc00a2c39e90264f33305004495a9","hash":"00de04639c803b1f45b5d7f4ffbd128cef11cd87"}
,"C:\\Users\\sharm\\Desktop\\WorkSpace\\CoderHunNaMe\\React\\namaste-React\\src\\components\\sum.js": {"path":"C:\\Users\\sharm\\Desktop\\WorkSpace\\CoderHunNaMe\\React\\namaste-React\\src\\components\\sum.js","statementMap":{"0":{"start":{"line":1,"column":19},"end":{"line":3,"column":1}},"1":{"start":{"line":2,"column":1},"end":{"line":2,"column":14}}},"fnMap":{"0":{"name":"(anonymous_0)","decl":{"start":{"line":1,"column":19},"end":{"line":1,"column":20}},"loc":{"start":{"line":1,"column":29},"end":{"line":3,"column":1}},"line":1}},"branchMap":{},"s":{"0":1,"1":1},"f":{"0":1},"b":{},"_coverageSchema":"1a1c01bbd47fc00a2c39e90264f33305004495a9","hash":"fa1ed5c1749efa41d05a1181ea880b3f5deed95c"}
}
