TN:
SF:src\components\ContactUs.js
FN:3,(anonymous_0)
FN:18,(anonymous_1)
FN:23,(anonymous_2)
FNF:3
FNH:1
FNDA:1,(anonymous_0)
FNDA:0,(anonymous_1)
FNDA:0,(anonymous_2)
DA:3,1
DA:4,1
DA:11,1
DA:18,1
DA:19,0
DA:20,0
DA:23,1
DA:24,0
DA:26,0
DA:27,0
DA:28,0
DA:30,0
DA:31,0
DA:32,0
DA:33,0
DA:35,0
DA:36,0
DA:37,0
DA:38,0
DA:40,0
DA:41,0
DA:44,0
DA:45,0
DA:48,0
DA:50,0
DA:56,0
DA:65,1
LF:27
LH:6
BRDA:27,0,0,0
BRDA:27,0,1,0
BRDA:30,1,0,0
BRDA:30,1,1,0
BRDA:32,2,0,0
BRDA:32,2,1,0
BRDA:35,3,0,0
BRDA:35,3,1,0
BRDA:37,4,0,0
BRDA:37,4,1,0
BRDA:40,5,0,0
BRDA:40,5,1,0
BRDA:44,6,0,0
BRDA:44,6,1,0
BRDA:83,7,0,0
BRDA:83,7,1,1
BRDA:86,8,0,1
BRDA:86,8,1,0
BRDA:104,9,0,0
BRDA:104,9,1,1
BRDA:107,10,0,1
BRDA:107,10,1,0
BRDA:125,11,0,0
BRDA:125,11,1,1
BRDA:128,12,0,1
BRDA:128,12,1,0
BRDA:146,13,0,0
BRDA:146,13,1,1
BRDA:149,14,0,1
BRDA:149,14,1,0
BRF:30
BRH:8
end_of_record
TN:
SF:src\components\sum.js
FN:1,(anonymous_0)
FNF:1
FNH:1
FNDA:1,(anonymous_0)
DA:1,1
DA:2,1
LF:2
LH:2
BRF:0
BRH:0
end_of_record
